c:\users\xtend\desktop\http\wearther\wearther\x64\debug\vc145.pdb
c:\users\xtend\desktop\http\wearther\wearther\x64\debug\vc145.idb
c:\users\xtend\desktop\http\wearther\wearther\x64\debug\weather.obj
c:\users\xtend\desktop\http\wearther\wearther\x64\debug\time.obj
c:\users\xtend\desktop\http\wearther\wearther\x64\debug\imgui_widgets.obj
c:\users\xtend\desktop\http\wearther\wearther\x64\debug\imgui_tables.obj
c:\users\xtend\desktop\http\wearther\wearther\x64\debug\imgui_impl_sdl2.obj
c:\users\xtend\desktop\http\wearther\wearther\x64\debug\imgui_impl_opengl3.obj
c:\users\xtend\desktop\http\wearther\wearther\x64\debug\imgui_draw.obj
c:\users\xtend\desktop\http\wearther\wearther\x64\debug\imgui.obj
c:\users\xtend\desktop\http\wearther\wearther\x64\debug\source.obj
c:\users\xtend\desktop\http\wearther\wearther\x64\debug\pomedoro.obj
c:\users\xtend\desktop\http\wearther\wearther\x64\debug\http.obj
c:\users\xtend\desktop\http\wearther\wearther\x64\debug\customtabs.obj
c:\users\xtend\desktop\http\wearther\wearther\x64\debug\glad.obj
c:\users\xtend\desktop\http\wearther\x64\debug\wearther.exe
c:\users\xtend\desktop\http\wearther\x64\debug\wearther.pdb
c:\users\xtend\desktop\http\wearther\wearther\x64\debug\wearther.ilk
c:\users\xtend\desktop\http\wearther\wearther\x64\debug\wearther.tlog\cl.command.1.tlog
c:\users\xtend\desktop\http\wearther\wearther\x64\debug\wearther.tlog\cl.items.tlog
c:\users\xtend\desktop\http\wearther\wearther\x64\debug\wearther.tlog\cl.read.1.tlog
c:\users\xtend\desktop\http\wearther\wearther\x64\debug\wearther.tlog\cl.write.1.tlog
c:\users\xtend\desktop\http\wearther\wearther\x64\debug\wearther.tlog\link.command.1.tlog
c:\users\xtend\desktop\http\wearther\wearther\x64\debug\wearther.tlog\link.read.1.tlog
c:\users\xtend\desktop\http\wearther\wearther\x64\debug\wearther.tlog\link.secondary.1.tlog
c:\users\xtend\desktop\http\wearther\wearther\x64\debug\wearther.tlog\link.write.1.tlog
