c:\users\xtend\desktop\http\wearther\wearther\x64\release\vc145.pdb
c:\users\xtend\desktop\http\wearther\wearther\x64\release\weather.obj
c:\users\xtend\desktop\http\wearther\wearther\x64\release\time.obj
c:\users\xtend\desktop\http\wearther\wearther\x64\release\imgui_widgets.obj
c:\users\xtend\desktop\http\wearther\wearther\x64\release\imgui_tables.obj
c:\users\xtend\desktop\http\wearther\wearther\x64\release\imgui_impl_sdl2.obj
c:\users\xtend\desktop\http\wearther\wearther\x64\release\imgui_impl_opengl3.obj
c:\users\xtend\desktop\http\wearther\wearther\x64\release\imgui_draw.obj
c:\users\xtend\desktop\http\wearther\wearther\x64\release\imgui.obj
c:\users\xtend\desktop\http\wearther\wearther\x64\release\source.obj
c:\users\xtend\desktop\http\wearther\wearther\x64\release\pomedoro.obj
c:\users\xtend\desktop\http\wearther\wearther\x64\release\http.obj
c:\users\xtend\desktop\http\wearther\wearther\x64\release\customtabs.obj
c:\users\xtend\desktop\http\wearther\wearther\x64\release\glad.obj
c:\users\xtend\desktop\http\wearther\wearther\x64\release\wearther.ipdb
c:\users\xtend\desktop\http\wearther\wearther\x64\release\wearther.iobj
c:\users\xtend\desktop\http\wearther\x64\release\wearther.pdb
c:\users\xtend\desktop\http\wearther\wearther\x64\release\wearther.tlog\cl.command.1.tlog
c:\users\xtend\desktop\http\wearther\wearther\x64\release\wearther.tlog\cl.read.1.tlog
c:\users\xtend\desktop\http\wearther\wearther\x64\release\wearther.tlog\cl.write.1.tlog
c:\users\xtend\desktop\http\wearther\wearther\x64\release\wearther.tlog\link-cvtres.read.1.tlog
c:\users\xtend\desktop\http\wearther\wearther\x64\release\wearther.tlog\link-cvtres.write.1.tlog
c:\users\xtend\desktop\http\wearther\wearther\x64\release\wearther.tlog\link-rc.read.1.tlog
c:\users\xtend\desktop\http\wearther\wearther\x64\release\wearther.tlog\link-rc.write.1.tlog
c:\users\xtend\desktop\http\wearther\wearther\x64\release\wearther.tlog\link.command.1.tlog
c:\users\xtend\desktop\http\wearther\wearther\x64\release\wearther.tlog\link.read.1.tlog
c:\users\xtend\desktop\http\wearther\wearther\x64\release\wearther.tlog\link.read.31.tlog
c:\users\xtend\desktop\http\wearther\wearther\x64\release\wearther.tlog\link.write.1.tlog
